2026-04-21 17:49:46,646 [INFO] ==================================================
2026-04-21 17:49:46,646 [INFO] 开始抓取  2026-04-21 17:49:46.646504
2026-04-21 17:49:46,646 [INFO] ==================================================
2026-04-21 17:49:46,646 [INFO] → 抓取 gaswizard.ca ...
2026-04-21 17:49:49,553 [INFO]   GasWizard [tomorrow] 2026-04-22: 普通=167.9(None¢) 高级=197.9 柴油=186.9
2026-04-21 17:49:49,559 [INFO]   GasWizard [today] 2026-04-21: 普通=163.9(None¢) 高级=193.9 柴油=181.9
2026-04-21 17:49:49,560 [INFO]   GasWizard 完成
2026-04-21 17:49:49,560 [INFO] → 抓取 stockr.net ...
2026-04-21 17:49:49,560 [INFO]   尝试 URL: https://www.stockr.net/Toronto/GasPrice.aspx
2026-04-21 17:49:52,223 [INFO]   成功: https://www.stockr.net/Toronto/GasPrice.aspx
2026-04-21 17:49:52,225 [INFO]   Stockr today: 163.9 (2026-04-21)
2026-04-21 17:49:52,236 [INFO]   Stockr tomorrow: 167.9 (2026-04-22)
2026-04-21 17:49:52,236 [INFO]   Stockr 完成
2026-04-21 17:49:52,239 [INFO] → 抓取 toronto.citynews.ca ...
2026-04-21 17:49:52,239 [INFO]   先访问首页以获取 Cloudflare cookie ...
2026-04-21 17:50:02,401 [INFO]   CityNews: 预测4.22日均价167.9 cent(s)/litre，上涨4.0¢
2026-04-21 17:50:02,535 [INFO]   CityNews 历史记录已存: 22 条
2026-04-21 17:50:02,535 [INFO]   CityNews 完成
2026-04-21 17:50:02,544 [INFO] 全部完成。数据已存入 F:\alec\Downloads\AI Projects\SnatchGas2\gas_prices.csv
2026-04-22 13:32:47,623 [INFO] ==================================================
2026-04-22 13:32:47,623 [INFO] 开始抓取  2026-04-22 13:32:47.623743
2026-04-22 13:32:47,623 [INFO] ==================================================
2026-04-22 13:32:47,624 [INFO] → 抓取 gaswizard.ca ...
2026-04-22 13:32:50,115 [INFO]   GasWizard [tomorrow] 2026-04-23: 普通=167.9(None¢) 高级=197.9 柴油=196.9
2026-04-22 13:32:50,123 [INFO]   GasWizard [today] 2026-04-22: 普通=167.9(None¢) 高级=197.9 柴油=186.9
2026-04-22 13:32:50,123 [INFO]   GasWizard 完成
2026-04-22 13:32:50,124 [INFO] → 抓取 stockr.net ...
2026-04-22 13:32:50,124 [INFO]   尝试 URL: https://www.stockr.net/Toronto/GasPrice.aspx
2026-04-22 13:32:52,671 [INFO]   成功: https://www.stockr.net/Toronto/GasPrice.aspx
2026-04-22 13:32:52,672 [INFO]   Stockr today: 167.9 (2026-04-22)
2026-04-22 13:32:52,684 [INFO]   Stockr tomorrow: 167.9 (2026-04-23)
2026-04-22 13:32:52,684 [INFO]   Stockr 完成
2026-04-22 13:32:52,687 [INFO] → 抓取 toronto.citynews.ca ...
2026-04-22 13:32:52,687 [INFO]   先访问首页以获取 Cloudflare cookie ...
2026-04-22 13:33:01,579 [INFO]   CityNews: 预测4.23日均价167.9 cent(s)/litre，维持不变
2026-04-22 13:33:01,714 [INFO]   CityNews 历史记录已存: 22 条
2026-04-22 13:33:01,714 [INFO]   CityNews 完成
2026-04-22 13:33:01,722 [INFO] 全部完成。数据已存入 F:\alec\Downloads\AI Projects\Gaswise\gas_prices.csv
